C51 COMPILER V9.01   MAIN                                                                  03/29/2016 13:22:22 PAGE 1   


C51 COMPILER V9.01, COMPILATION OF MODULE MAIN
OBJECT MODULE PLACED IN .\output\main.obj
COMPILER INVOKED BY: D:\Keil\C51\BIN\C51.EXE src\main.c BROWSE DEBUG OBJECTEXTEND PRINT(.\main.lst) OBJECT(.\output\main
                    -.obj)

line level    source

   1          #include <reg51.h>
   2          #include "common.h"
   3          #include "LCD1602.h"
   4          
   5          void main()
   6          {
   7   1              LCD1602_init();
   8   1              LCD1602_displaySring(1,1,"3INT:");
   9   1              LCD1602_display3INT(1,6,-123);
  10   1              LCD1602_displaySring(2,1,"2UINT:");
  11   1              LCD1602_display2UINT(2,7,12);
  12   1              LCD1602_displaySring(2,10,"4wire");
  13   1              while(1);
  14   1      }


MODULE INFORMATION:   STATIC OVERLAYABLE
   CODE SIZE        =     66    ----
   CONSTANT SIZE    =     19    ----
   XDATA SIZE       =   ----    ----
   PDATA SIZE       =   ----    ----
   DATA SIZE        =   ----    ----
   IDATA SIZE       =   ----    ----
   BIT SIZE         =   ----    ----
END OF MODULE INFORMATION.


C51 COMPILATION COMPLETE.  0 WARNING(S),  0 ERROR(S)
